<?xml version="1.0" encoding="UTF-8"?>
<!-- Generated by org.testng.reporters.JUnitReportReporter -->
<testsuite hostname="DESKTOP-ER90K33" name="com.Infoflo.Maps.Maps" tests="1" failures="0" timestamp="29 Mar 2019 06:17:20 GMT" time="0.022" errors="0">
  <testcase name="maps" time="0.022" classname="com.Infoflo.Maps.Maps"/>
</testsuite> <!-- com.Infoflo.Maps.Maps -->
